nohup: 입력 무시
/home/hyhy/anaconda3/lib/python3.10/site-packages/torch/cuda/__init__.py:129: UserWarning: CUDA initialization: CUDA unknown error - this may be due to an incorrectly set up environment, e.g. changing env variable CUDA_VISIBLE_DEVICES after program start. Setting the available devices to be zero. (Triggered internally at /opt/conda/conda-bld/pytorch_1729647352509/work/c10/cuda/CUDAFunctions.cpp:108.)
  return torch._C._cuda_getDeviceCount() > 0
/home/hyhy/Desktop/SYD_DtoS/DRL_FR/yolov7_object_tracking/models/experimental.py:242: FutureWarning: You are using `torch.load` with `weights_only=False` (the current default value), which uses the default pickle module implicitly. It is possible to construct malicious pickle data which will execute arbitrary code during unpickling (See https://github.com/pytorch/pytorch/blob/main/SECURITY.md#untrusted-models for more details). In a future release, the default value for `weights_only` will be flipped to `True`. This limits the functions that could be executed during unpickling. Arbitrary objects will no longer be allowed to be loaded via this mode unless they are explicitly allowlisted by the user via `torch.serialization.add_safe_globals`. We recommend you start setting `weights_only=True` for any use case where you don't have full control of the loaded file. Please open an issue on GitHub for any issues related to this experimental feature.
  ckpt = torch.load(w, map_location=map_location)  # load
/home/hyhy/anaconda3/lib/python3.10/site-packages/torch/functional.py:534: UserWarning: torch.meshgrid: in an upcoming release, it will be required to pass the indexing argument. (Triggered internally at /opt/conda/conda-bld/pytorch_1729647352509/work/aten/src/ATen/native/TensorShape.cpp:3595.)
  return _VF.meshgrid(tensors, **kwargs)  # type: ignore[attr-defined]
Fusing layers... 
RepConv.fuse_repvgg_block
RepConv.fuse_repvgg_block
RepConv.fuse_repvgg_block
Traceback (most recent call last):
  File "/home/hyhy/Desktop/SYD_DtoS/DRL_FR/Trainer3.py", line 400, in <module>
    main()
  File "/home/hyhy/Desktop/SYD_DtoS/DRL_FR/Trainer3.py", line 374, in main
    agent = Agent(load=False, n_actions=3, device=device)
  File "/home/hyhy/Desktop/SYD_DtoS/DRL_FR/utility/agent.py", line 85, in __init__
    self.feature_extractor = self.feature_extractor.cuda()
  File "/home/hyhy/anaconda3/lib/python3.10/site-packages/torch/nn/modules/module.py", line 1050, in cuda
    return self._apply(lambda t: t.cuda(device))
  File "/home/hyhy/anaconda3/lib/python3.10/site-packages/torch/nn/modules/module.py", line 900, in _apply
    module._apply(fn)
  File "/home/hyhy/anaconda3/lib/python3.10/site-packages/torch/nn/modules/module.py", line 927, in _apply
    param_applied = fn(param)
  File "/home/hyhy/anaconda3/lib/python3.10/site-packages/torch/nn/modules/module.py", line 1050, in <lambda>
    return self._apply(lambda t: t.cuda(device))
  File "/home/hyhy/anaconda3/lib/python3.10/site-packages/torch/cuda/__init__.py", line 319, in _lazy_init
    torch._C._cuda_init()
RuntimeError: CUDA unknown error - this may be due to an incorrectly set up environment, e.g. changing env variable CUDA_VISIBLE_DEVICES after program start. Setting the available devices to be zero.
